<?xml version="1.0" encoding="UTF-8"?>
<!-- Generated by org.testng.reporters.JUnitXMLReporter -->
<testsuite hostname="FULL410-WIN" name="CucumberTestxml" tests="1" failures="0" timestamp="16 Oct 2018 09:16:16 GMT" time="0.069" errors="0">
  <testcase name="@BeforeClass setUpClass" time="0.0" classname="Login.runnerclass">
    <failure type="java.lang.NoSuchMethodError" message="cucumber.runtime.RuntimeOptions.&amp;lt;init&amp;gt;(Ljava/util/List;)V">
      <![CDATA[java.lang.NoSuchMethodError: cucumber.runtime.RuntimeOptions.<init>(Ljava/util/List;)V
	at cucumber.runtime.RuntimeOptionsFactory.create(RuntimeOptionsFactory.java:28)
	at cucumber.api.testng.TestNGCucumberRunner.<init>(TestNGCucumberRunner.java:37)
	at Login.runnerclass.setUpClass(runnerclass.java:18)
... Removed 24 stack frames]]>
    </failure>
  </testcase> <!-- @BeforeClass setUpClass -->
  <testcase name="@AfterClass tearDownClass" time="0.0" classname="Login.runnerclass">
    <failure type="java.lang.NullPointerException">
      <![CDATA[java.lang.NullPointerException
	at Login.runnerclass.tearDownClass(runnerclass.java:34)
... Removed 24 stack frames]]>
    </failure>
  </testcase> <!-- @AfterClass tearDownClass -->
  <testcase name="feature" time="0.0" classname="Login.runnerclass">
    <skipped/>
  </testcase> <!-- feature -->
</testsuite> <!-- CucumberTestxml -->
